{"/Users/jitender_b/Desktop/PrettyLitleThings/Components/ProductCard.js": {"path":"/Users/jitender_b/Desktop/PrettyLitleThings/Components/ProductCard.js","statementMap":{"0":{"start":{"line":6,"column":14},"end":{"line":41,"column":2}},"1":{"start":{"line":42,"column":13},"end":{"line":75,"column":1}},"2":{"start":{"line":43,"column":21},"end":{"line":43,"column":34}},"3":{"start":{"line":44,"column":25},"end":{"line":44,"column":90}},"4":{"start":{"line":44,"column":35},"end":{"line":44,"column":90}},"5":{"start":{"line":45,"column":4},"end":{"line":74,"column":6}},"6":{"start":{"line":63,"column":47},"end":{"line":63,"column":75}}},"fnMap":{"0":{"name":"(anonymous_0)","decl":{"start":{"line":42,"column":13},"end":{"line":42,"column":14}},"loc":{"start":{"line":42,"column":35},"end":{"line":75,"column":1}},"line":42},"1":{"name":"(anonymous_1)","decl":{"start":{"line":44,"column":25},"end":{"line":44,"column":26}},"loc":{"start":{"line":44,"column":35},"end":{"line":44,"column":90}},"line":44},"2":{"name":"(anonymous_2)","decl":{"start":{"line":63,"column":41},"end":{"line":63,"column":42}},"loc":{"start":{"line":63,"column":47},"end":{"line":63,"column":75}},"line":63}},"branchMap":{"0":{"loc":{"start":{"line":44,"column":35},"end":{"line":44,"column":90}},"type":"cond-expr","locations":[{"start":{"line":44,"column":44},"end":{"line":44,"column":68}},{"start":{"line":44,"column":71},"end":{"line":44,"column":90}}],"line":44},"1":{"loc":{"start":{"line":64,"column":75},"end":{"line":64,"column":105}},"type":"cond-expr","locations":[{"start":{"line":64,"column":84},"end":{"line":64,"column":93}},{"start":{"line":64,"column":96},"end":{"line":64,"column":105}}],"line":64},"2":{"loc":{"start":{"line":65,"column":96},"end":{"line":65,"column":140}},"type":"cond-expr","locations":[{"start":{"line":65,"column":106},"end":{"line":65,"column":119}},{"start":{"line":65,"column":122},"end":{"line":65,"column":140}}],"line":65}},"s":{"0":3,"1":3,"2":14,"3":14,"4":2,"5":14,"6":2},"f":{"0":14,"1":2,"2":2},"b":{"0":[1,1],"1":[5,9],"2":[9,5]},"_coverageSchema":"1a1c01bbd47fc00a2c39e90264f33305004495a9","hash":"8ffafacbdc09ae028c300ba11c45b732543c7572"}
,"/Users/jitender_b/Desktop/PrettyLitleThings/Constants/Component.testids.js": {"path":"/Users/jitender_b/Desktop/PrettyLitleThings/Constants/Component.testids.js","statementMap":{"0":{"start":{"line":1,"column":28},"end":{"line":7,"column":1}},"1":{"start":{"line":9,"column":30},"end":{"line":11,"column":1}},"2":{"start":{"line":13,"column":27},"end":{"line":15,"column":1}}},"fnMap":{},"branchMap":{},"s":{"0":3,"1":3,"2":3},"f":{},"b":{},"_coverageSchema":"1a1c01bbd47fc00a2c39e90264f33305004495a9","hash":"a11b4278408d46ef037c798e26c4e6d62b293ce5"}
,"/Users/jitender_b/Desktop/PrettyLitleThings/Helper/API.js": {"path":"/Users/jitender_b/Desktop/PrettyLitleThings/Helper/API.js","statementMap":{"0":{"start":{"line":1,"column":29},"end":{"line":1,"column":97}}},"fnMap":{},"branchMap":{},"s":{"0":3},"f":{},"b":{},"_coverageSchema":"1a1c01bbd47fc00a2c39e90264f33305004495a9","hash":"8d69422fe8f9df572dae66ea12f37527eb40e854"}
,"/Users/jitender_b/Desktop/PrettyLitleThings/Helper/ROUTE_NAMES.js": {"path":"/Users/jitender_b/Desktop/PrettyLitleThings/Helper/ROUTE_NAMES.js","statementMap":{"0":{"start":{"line":1,"column":30},"end":{"line":1,"column":46}},"1":{"start":{"line":2,"column":27},"end":{"line":2,"column":40}}},"fnMap":{},"branchMap":{},"s":{"0":1,"1":1},"f":{},"b":{},"_coverageSchema":"1a1c01bbd47fc00a2c39e90264f33305004495a9","hash":"48efcaf0f624ef2d43ed60683e42eaeebcce656f"}
,"/Users/jitender_b/Desktop/PrettyLitleThings/Screens/CartDetail.js": {"path":"/Users/jitender_b/Desktop/PrettyLitleThings/Screens/CartDetail.js","statementMap":{"0":{"start":{"line":8,"column":19},"end":{"line":19,"column":1}},"1":{"start":{"line":9,"column":26},"end":{"line":9,"column":53}},"2":{"start":{"line":9,"column":47},"end":{"line":9,"column":52}},"3":{"start":{"line":10,"column":4},"end":{"line":18,"column":5}},"4":{"start":{"line":13,"column":37},"end":{"line":13,"column":57}},"5":{"start":{"line":14,"column":38},"end":{"line":14,"column":78}},"6":{"start":{"line":15,"column":181},"end":{"line":15,"column":200}},"7":{"start":{"line":16,"column":168},"end":{"line":16,"column":187}}},"fnMap":{"0":{"name":"(anonymous_0)","decl":{"start":{"line":8,"column":19},"end":{"line":8,"column":20}},"loc":{"start":{"line":8,"column":39},"end":{"line":19,"column":1}},"line":8},"1":{"name":"(anonymous_1)","decl":{"start":{"line":9,"column":38},"end":{"line":9,"column":39}},"loc":{"start":{"line":9,"column":47},"end":{"line":9,"column":52}},"line":9},"2":{"name":"(anonymous_2)","decl":{"start":{"line":13,"column":26},"end":{"line":13,"column":27}},"loc":{"start":{"line":13,"column":37},"end":{"line":13,"column":57}},"line":13},"3":{"name":"(anonymous_3)","decl":{"start":{"line":14,"column":24},"end":{"line":14,"column":25}},"loc":{"start":{"line":14,"column":38},"end":{"line":14,"column":78}},"line":14},"4":{"name":"(anonymous_4)","decl":{"start":{"line":15,"column":175},"end":{"line":15,"column":176}},"loc":{"start":{"line":15,"column":181},"end":{"line":15,"column":200}},"line":15},"5":{"name":"(anonymous_5)","decl":{"start":{"line":16,"column":162},"end":{"line":16,"column":163}},"loc":{"start":{"line":16,"column":168},"end":{"line":16,"column":187}},"line":16}},"branchMap":{"0":{"loc":{"start":{"line":16,"column":33},"end":{"line":16,"column":312}},"type":"binary-expr","locations":[{"start":{"line":16,"column":33},"end":{"line":16,"column":53}},{"start":{"line":16,"column":57},"end":{"line":16,"column":312}}],"line":16}},"s":{"0":1,"1":2,"2":2,"3":2,"4":3,"5":3,"6":0,"7":0},"f":{"0":2,"1":2,"2":3,"3":3,"4":0,"5":0},"b":{"0":[2,1]},"_coverageSchema":"1a1c01bbd47fc00a2c39e90264f33305004495a9","hash":"95d91ee364d44daf791dd44abdff57ce193309dd"}
,"/Users/jitender_b/Desktop/PrettyLitleThings/Screens/LandingScreen.js": {"path":"/Users/jitender_b/Desktop/PrettyLitleThings/Screens/LandingScreen.js","statementMap":{"0":{"start":{"line":9,"column":14},"end":{"line":28,"column":2}},"1":{"start":{"line":31,"column":22},"end":{"line":64,"column":1}},"2":{"start":{"line":32,"column":21},"end":{"line":32,"column":34}},"3":{"start":{"line":33,"column":39},"end":{"line":33,"column":66}},"4":{"start":{"line":33,"column":60},"end":{"line":33,"column":65}},"5":{"start":{"line":34,"column":36},"end":{"line":34,"column":46}},"6":{"start":{"line":36,"column":4},"end":{"line":38,"column":10}},"7":{"start":{"line":37,"column":8},"end":{"line":37,"column":34}},"8":{"start":{"line":40,"column":4},"end":{"line":42,"column":19}},"9":{"start":{"line":41,"column":8},"end":{"line":41,"column":31}},"10":{"start":{"line":44,"column":24},"end":{"line":49,"column":5}},"11":{"start":{"line":45,"column":25},"end":{"line":45,"column":36}},"12":{"start":{"line":46,"column":8},"end":{"line":48,"column":9}},"13":{"start":{"line":50,"column":4},"end":{"line":63,"column":5}},"14":{"start":{"line":57,"column":47},"end":{"line":57,"column":62}},"15":{"start":{"line":59,"column":155},"end":{"line":59,"column":187}}},"fnMap":{"0":{"name":"(anonymous_0)","decl":{"start":{"line":31,"column":22},"end":{"line":31,"column":23}},"loc":{"start":{"line":31,"column":42},"end":{"line":64,"column":1}},"line":31},"1":{"name":"(anonymous_1)","decl":{"start":{"line":33,"column":51},"end":{"line":33,"column":52}},"loc":{"start":{"line":33,"column":60},"end":{"line":33,"column":65}},"line":33},"2":{"name":"(anonymous_2)","decl":{"start":{"line":36,"column":14},"end":{"line":36,"column":15}},"loc":{"start":{"line":36,"column":20},"end":{"line":38,"column":5}},"line":36},"3":{"name":"(anonymous_3)","decl":{"start":{"line":40,"column":14},"end":{"line":40,"column":15}},"loc":{"start":{"line":40,"column":20},"end":{"line":42,"column":5}},"line":40},"4":{"name":"(anonymous_4)","decl":{"start":{"line":44,"column":24},"end":{"line":44,"column":25}},"loc":{"start":{"line":44,"column":41},"end":{"line":49,"column":5}},"line":44},"5":{"name":"(anonymous_5)","decl":{"start":{"line":57,"column":30},"end":{"line":57,"column":31}},"loc":{"start":{"line":57,"column":47},"end":{"line":57,"column":62}},"line":57},"6":{"name":"(anonymous_6)","decl":{"start":{"line":59,"column":149},"end":{"line":59,"column":150}},"loc":{"start":{"line":59,"column":155},"end":{"line":59,"column":187}},"line":59}},"branchMap":{"0":{"loc":{"start":{"line":53,"column":12},"end":{"line":60,"column":14}},"type":"cond-expr","locations":[{"start":{"line":53,"column":24},"end":{"line":53,"column":99}},{"start":{"line":55,"column":12},"end":{"line":60,"column":14}}],"line":53}},"s":{"0":1,"1":1,"2":5,"3":5,"4":7,"5":5,"6":5,"7":2,"8":5,"9":3,"10":5,"11":8,"12":8,"13":5,"14":8,"15":0},"f":{"0":5,"1":7,"2":2,"3":3,"4":8,"5":8,"6":0},"b":{"0":[3,2]},"_coverageSchema":"1a1c01bbd47fc00a2c39e90264f33305004495a9","hash":"65beb41ee9ac1a88695b11c885d070bffdaa6b77"}
,"/Users/jitender_b/Desktop/PrettyLitleThings/Store/action.js": {"path":"/Users/jitender_b/Desktop/PrettyLitleThings/Store/action.js","statementMap":{"0":{"start":{"line":2,"column":31},"end":{"line":2,"column":48}},"1":{"start":{"line":3,"column":34},"end":{"line":3,"column":54}},"2":{"start":{"line":4,"column":32},"end":{"line":4,"column":50}},"3":{"start":{"line":5,"column":37},"end":{"line":5,"column":60}},"4":{"start":{"line":6,"column":27},"end":{"line":6,"column":40}},"5":{"start":{"line":8,"column":29},"end":{"line":12,"column":3}},"6":{"start":{"line":9,"column":4},"end":{"line":11,"column":6}},"7":{"start":{"line":14,"column":33},"end":{"line":19,"column":3}},"8":{"start":{"line":15,"column":4},"end":{"line":18,"column":6}},"9":{"start":{"line":21,"column":31},"end":{"line":26,"column":3}},"10":{"start":{"line":22,"column":4},"end":{"line":25,"column":6}},"11":{"start":{"line":28,"column":36},"end":{"line":33,"column":3}},"12":{"start":{"line":29,"column":4},"end":{"line":32,"column":6}},"13":{"start":{"line":35,"column":28},"end":{"line":40,"column":3}},"14":{"start":{"line":36,"column":4},"end":{"line":39,"column":6}},"15":{"start":{"line":43,"column":31},"end":{"line":53,"column":3}},"16":{"start":{"line":44,"column":4},"end":{"line":52,"column":6}},"17":{"start":{"line":45,"column":6},"end":{"line":45,"column":32}},"18":{"start":{"line":46,"column":6},"end":{"line":51,"column":91}},"19":{"start":{"line":47,"column":22},"end":{"line":47,"column":33}},"20":{"start":{"line":49,"column":10},"end":{"line":49,"column":42}},"21":{"start":{"line":51,"column":23},"end":{"line":51,"column":68}},"22":{"start":{"line":51,"column":69},"end":{"line":51,"column":88}}},"fnMap":{"0":{"name":"(anonymous_0)","decl":{"start":{"line":8,"column":29},"end":{"line":8,"column":30}},"loc":{"start":{"line":8,"column":35},"end":{"line":12,"column":3}},"line":8},"1":{"name":"(anonymous_1)","decl":{"start":{"line":14,"column":33},"end":{"line":14,"column":34}},"loc":{"start":{"line":14,"column":47},"end":{"line":19,"column":3}},"line":14},"2":{"name":"(anonymous_2)","decl":{"start":{"line":21,"column":31},"end":{"line":21,"column":32}},"loc":{"start":{"line":21,"column":41},"end":{"line":26,"column":3}},"line":21},"3":{"name":"(anonymous_3)","decl":{"start":{"line":28,"column":36},"end":{"line":28,"column":37}},"loc":{"start":{"line":28,"column":46},"end":{"line":33,"column":3}},"line":28},"4":{"name":"(anonymous_4)","decl":{"start":{"line":35,"column":28},"end":{"line":35,"column":29}},"loc":{"start":{"line":35,"column":44},"end":{"line":40,"column":3}},"line":35},"5":{"name":"(anonymous_5)","decl":{"start":{"line":43,"column":31},"end":{"line":43,"column":32}},"loc":{"start":{"line":43,"column":37},"end":{"line":53,"column":3}},"line":43},"6":{"name":"(anonymous_6)","decl":{"start":{"line":44,"column":11},"end":{"line":44,"column":12}},"loc":{"start":{"line":44,"column":31},"end":{"line":52,"column":5}},"line":44},"7":{"name":"(anonymous_7)","decl":{"start":{"line":47,"column":14},"end":{"line":47,"column":15}},"loc":{"start":{"line":47,"column":22},"end":{"line":47,"column":33}},"line":47},"8":{"name":"(anonymous_8)","decl":{"start":{"line":48,"column":14},"end":{"line":48,"column":15}},"loc":{"start":{"line":48,"column":22},"end":{"line":50,"column":9}},"line":48},"9":{"name":"(anonymous_9)","decl":{"start":{"line":51,"column":15},"end":{"line":51,"column":16}},"loc":{"start":{"line":51,"column":22},"end":{"line":51,"column":89}},"line":51}},"branchMap":{},"s":{"0":3,"1":3,"2":3,"3":3,"4":3,"5":3,"6":2,"7":3,"8":4,"9":3,"10":4,"11":3,"12":1,"13":3,"14":0,"15":3,"16":2,"17":2,"18":2,"19":2,"20":0,"21":2,"22":2},"f":{"0":2,"1":4,"2":4,"3":1,"4":0,"5":2,"6":2,"7":2,"8":0,"9":2},"b":{},"_coverageSchema":"1a1c01bbd47fc00a2c39e90264f33305004495a9","hash":"60e6c2e34396a08bf058fcc2a64d2fc2420f72aa"}
,"/Users/jitender_b/Desktop/PrettyLitleThings/Store/reducer.js": {"path":"/Users/jitender_b/Desktop/PrettyLitleThings/Store/reducer.js","statementMap":{"0":{"start":{"line":9,"column":21},"end":{"line":13,"column":1}},"1":{"start":{"line":15,"column":14},"end":{"line":36,"column":1}},"2":{"start":{"line":16,"column":4},"end":{"line":35,"column":5}},"3":{"start":{"line":18,"column":8},"end":{"line":18,"column":45}},"4":{"start":{"line":19,"column":8},"end":{"line":19,"column":40}},"5":{"start":{"line":21,"column":8},"end":{"line":21,"column":32}},"6":{"start":{"line":22,"column":8},"end":{"line":22,"column":43}},"7":{"start":{"line":23,"column":8},"end":{"line":23,"column":40}},"8":{"start":{"line":25,"column":8},"end":{"line":25,"column":31}},"9":{"start":{"line":26,"column":8},"end":{"line":26,"column":40}},"10":{"start":{"line":28,"column":28},"end":{"line":28,"column":89}},"11":{"start":{"line":28,"column":59},"end":{"line":28,"column":88}},"12":{"start":{"line":29,"column":8},"end":{"line":29,"column":38}},"13":{"start":{"line":30,"column":8},"end":{"line":30,"column":40}},"14":{"start":{"line":32,"column":8},"end":{"line":32,"column":40}},"15":{"start":{"line":34,"column":8},"end":{"line":34,"column":21}}},"fnMap":{"0":{"name":"(anonymous_0)","decl":{"start":{"line":15,"column":14},"end":{"line":15,"column":15}},"loc":{"start":{"line":15,"column":48},"end":{"line":36,"column":1}},"line":15},"1":{"name":"(anonymous_1)","decl":{"start":{"line":28,"column":51},"end":{"line":28,"column":52}},"loc":{"start":{"line":28,"column":59},"end":{"line":28,"column":88}},"line":28}},"branchMap":{"0":{"loc":{"start":{"line":15,"column":15},"end":{"line":15,"column":35}},"type":"default-arg","locations":[{"start":{"line":15,"column":23},"end":{"line":15,"column":35}}],"line":15},"1":{"loc":{"start":{"line":16,"column":4},"end":{"line":35,"column":5}},"type":"switch","locations":[{"start":{"line":17,"column":4},"end":{"line":19,"column":40}},{"start":{"line":20,"column":4},"end":{"line":23,"column":40}},{"start":{"line":24,"column":4},"end":{"line":26,"column":40}},{"start":{"line":27,"column":4},"end":{"line":30,"column":40}},{"start":{"line":31,"column":4},"end":{"line":32,"column":40}},{"start":{"line":33,"column":4},"end":{"line":34,"column":21}}],"line":16}},"s":{"0":3,"1":3,"2":21,"3":4,"4":4,"5":2,"6":2,"7":2,"8":2,"9":2,"10":1,"11":1,"12":1,"13":1,"14":0,"15":12},"f":{"0":21,"1":1},"b":{"0":[12],"1":[4,2,2,1,0,12]},"_coverageSchema":"1a1c01bbd47fc00a2c39e90264f33305004495a9","hash":"1bc8e9a21496c2f0e7275b026d4baf905342e7d9"}
,"/Users/jitender_b/Desktop/PrettyLitleThings/Store/store.js": {"path":"/Users/jitender_b/Desktop/PrettyLitleThings/Store/store.js","statementMap":{"0":{"start":{"line":5,"column":4},"end":{"line":5,"column":54}}},"fnMap":{"0":{"name":"configureStore","decl":{"start":{"line":4,"column":24},"end":{"line":4,"column":38}},"loc":{"start":{"line":4,"column":42},"end":{"line":6,"column":1}},"line":4}},"branchMap":{},"s":{"0":12},"f":{"0":12},"b":{},"_coverageSchema":"1a1c01bbd47fc00a2c39e90264f33305004495a9","hash":"affdb65ad7040bb3c6240487362b87aedb75e56c"}
,"/Users/jitender_b/Desktop/PrettyLitleThings/__tests__/mockData/mockListData.js": {"path":"/Users/jitender_b/Desktop/PrettyLitleThings/__tests__/mockData/mockListData.js","statementMap":{"0":{"start":{"line":1,"column":27},"end":{"line":30,"column":3}}},"fnMap":{},"branchMap":{},"s":{"0":2},"f":{},"b":{},"_coverageSchema":"1a1c01bbd47fc00a2c39e90264f33305004495a9","hash":"a8497a1465ba170cc8611338543f2ab07effe03c"}
}
