TN:
SF:Components/ProductCard.js
FN:42,(anonymous_0)
FN:44,(anonymous_1)
FN:63,(anonymous_2)
FNF:3
FNH:3
FNDA:14,(anonymous_0)
FNDA:2,(anonymous_1)
FNDA:2,(anonymous_2)
DA:6,3
DA:42,3
DA:43,14
DA:44,14
DA:45,14
DA:63,2
LF:6
LH:6
BRDA:44,0,0,1
BRDA:44,0,1,1
BRDA:64,1,0,5
BRDA:64,1,1,9
BRDA:65,2,0,9
BRDA:65,2,1,5
BRF:6
BRH:6
end_of_record
TN:
SF:Constants/Component.testids.js
FNF:0
FNH:0
DA:1,3
DA:9,3
DA:13,3
LF:3
LH:3
BRF:0
BRH:0
end_of_record
TN:
SF:Helper/API.js
FNF:0
FNH:0
DA:1,3
LF:1
LH:1
BRF:0
BRH:0
end_of_record
TN:
SF:Helper/ROUTE_NAMES.js
FNF:0
FNH:0
DA:1,1
DA:2,1
LF:2
LH:2
BRF:0
BRH:0
end_of_record
TN:
SF:Screens/CartDetail.js
FN:8,(anonymous_0)
FN:9,(anonymous_1)
FN:13,(anonymous_2)
FN:14,(anonymous_3)
FN:15,(anonymous_4)
FN:16,(anonymous_5)
FNF:6
FNH:4
FNDA:2,(anonymous_0)
FNDA:2,(anonymous_1)
FNDA:3,(anonymous_2)
FNDA:3,(anonymous_3)
FNDA:0,(anonymous_4)
FNDA:0,(anonymous_5)
DA:8,1
DA:9,2
DA:10,2
DA:13,3
DA:14,3
DA:15,0
DA:16,0
LF:7
LH:5
BRDA:16,0,0,2
BRDA:16,0,1,1
BRF:2
BRH:2
end_of_record
TN:
SF:Screens/LandingScreen.js
FN:31,(anonymous_0)
FN:33,(anonymous_1)
FN:36,(anonymous_2)
FN:40,(anonymous_3)
FN:44,(anonymous_4)
FN:57,(anonymous_5)
FN:59,(anonymous_6)
FNF:7
FNH:6
FNDA:5,(anonymous_0)
FNDA:7,(anonymous_1)
FNDA:2,(anonymous_2)
FNDA:3,(anonymous_3)
FNDA:8,(anonymous_4)
FNDA:8,(anonymous_5)
FNDA:0,(anonymous_6)
DA:9,1
DA:31,1
DA:32,5
DA:33,7
DA:34,5
DA:36,5
DA:37,2
DA:40,5
DA:41,3
DA:44,5
DA:45,8
DA:46,8
DA:50,5
DA:57,8
DA:59,0
LF:15
LH:14
BRDA:53,0,0,3
BRDA:53,0,1,2
BRF:2
BRH:2
end_of_record
TN:
SF:Store/action.js
FN:8,(anonymous_0)
FN:14,(anonymous_1)
FN:21,(anonymous_2)
FN:28,(anonymous_3)
FN:35,(anonymous_4)
FN:43,(anonymous_5)
FN:44,(anonymous_6)
FN:47,(anonymous_7)
FN:48,(anonymous_8)
FN:51,(anonymous_9)
FNF:10
FNH:8
FNDA:2,(anonymous_0)
FNDA:4,(anonymous_1)
FNDA:4,(anonymous_2)
FNDA:1,(anonymous_3)
FNDA:0,(anonymous_4)
FNDA:2,(anonymous_5)
FNDA:2,(anonymous_6)
FNDA:2,(anonymous_7)
FNDA:0,(anonymous_8)
FNDA:2,(anonymous_9)
DA:2,3
DA:3,3
DA:4,3
DA:5,3
DA:6,3
DA:8,3
DA:9,2
DA:14,3
DA:15,4
DA:21,3
DA:22,4
DA:28,3
DA:29,1
DA:35,3
DA:36,0
DA:43,3
DA:44,2
DA:45,2
DA:46,2
DA:47,2
DA:49,0
DA:51,2
LF:22
LH:20
BRF:0
BRH:0
end_of_record
TN:
SF:Store/reducer.js
FN:15,(anonymous_0)
FN:28,(anonymous_1)
FNF:2
FNH:2
FNDA:21,(anonymous_0)
FNDA:1,(anonymous_1)
DA:9,3
DA:15,3
DA:16,21
DA:18,4
DA:19,4
DA:21,2
DA:22,2
DA:23,2
DA:25,2
DA:26,2
DA:28,1
DA:29,1
DA:30,1
DA:32,0
DA:34,12
LF:15
LH:14
BRDA:15,0,0,12
BRDA:16,1,0,4
BRDA:16,1,1,2
BRDA:16,1,2,2
BRDA:16,1,3,1
BRDA:16,1,4,0
BRDA:16,1,5,12
BRF:7
BRH:6
end_of_record
TN:
SF:Store/store.js
FN:4,configureStore
FNF:1
FNH:1
FNDA:12,configureStore
DA:5,12
LF:1
LH:1
BRF:0
BRH:0
end_of_record
TN:
SF:__tests__/mockData/mockListData.js
FNF:0
FNH:0
DA:1,2
LF:1
LH:1
BRF:0
BRH:0
end_of_record
